2026-02-03T10:16:45.728Z ACTOR: Pulling container image of build bacHrSCPb1fkiSTiy from registry.
2026-02-03T10:16:45.733Z ACTOR: Creating container.
2026-02-03T10:16:45.831Z ACTOR: Starting container.
2026-02-03T10:16:45.832Z ACTOR: Running under "LIMITED_PERMISSIONS" permission level.
2026-02-03T10:16:46.112Z Will run command: xvfb-run -a -s "-ac -screen 0 1920x1080x24+32 -nolisten tcp" /bin/sh -c ./start_xvfb_and_run_cmd.sh && ./run_protected.sh npm run start:prod --silent
2026-02-03T10:16:48.431Z INFO  System info {"apifyVersion":"3.5.2","apifyClientVersion":"2.20.0","crawleeVersion":"3.15.3","osType":"Linux","nodeVersion":"v22.20.0"}
2026-02-03T10:16:49.351Z INFO  Crawling will be started using 1 start URLs and 0 sitemap URLs
2026-02-03T10:16:50.397Z INFO  WCCAdaptiveCrawler: Starting the crawler.
2026-02-03T10:17:27.412Z WARN  WCCAdaptiveCrawler: The start URL "https://education.psychiatry.org/" has been redirected to "https://education.psychiatry.org/Public/Catalog/ChefView.aspx". Processing the redirected URL...
2026-02-03T10:17:28.811Z INFO  WCCAdaptiveCrawler: Enqueued 32 new links on https://education.psychiatry.org/.
2026-02-03T10:17:29.661Z WARN  Main crawler processed all start URLs, checking if SitemapCrawler can be shut down...
2026-02-03T10:17:29.667Z WARN  Shutting down SitemapCrawler, waiting for the main crawler to finish...
2026-02-03T10:17:50.397Z INFO  Statistics: WCCAdaptiveCrawler request statistics: {"requestAvgFailedDurationMillis":null,"requestAvgFinishedDurationMillis":38559,"requestsFinishedPerMinute":1,"requestsFailedPerMinute":0,"requestTotalDurationMillis":38559,"requestsTotal":1,"crawlerRuntimeMillis":60487,"retryHistogram":[1]}
2026-02-03T10:17:50.443Z INFO  WCCAdaptiveCrawler:AutoscaledPool: state {"currentConcurrency":4,"desiredConcurrency":6,"systemStatus":{"isSystemIdle":true,"memInfo":{"isOverloaded":false,"limitRatio":0.2,"actualRatio":0},"eventLoopInfo":{"isOverloaded":false,"limitRatio":0.6,"actualRatio":0.055},"cpuInfo":{"isOverloaded":false,"limitRatio":0.4,"actualRatio":0.035},"clientInfo":{"isOverloaded":false,"limitRatio":0.3,"actualRatio":0}}}
2026-02-03T10:18:18.376Z WARN  WCCAdaptiveCrawler: Reached max crawl depth of 1 for https://education.psychiatry.org/Public/Catalog/Details.aspx?id=%2fo8UEUAqwE%2fsWDXJKx5Vmg%3d%3d, not enqueueing from this URL.
2026-02-03T10:18:25.200Z WARN  WCCAdaptiveCrawler: Reached max crawl depth of 1 for https://education.psychiatry.org/Public/Catalog/Details.aspx?id=JiSp8jbnRJBMQB6NSZ1OiA%3d%3d, not enqueueing from this URL.
2026-02-03T10:18:26.927Z WARN  WCCAdaptiveCrawler: Reached max crawl depth of 1 for https://education.psychiatry.org/Public/Catalog/Details.aspx?id=wuqKlf6tGZpt9JKiGX0Dsw%3d%3d, not enqueueing from this URL.
2026-02-03T10:18:31.226Z WARN  WCCAdaptiveCrawler: Reached max crawl depth of 1 for https://education.psychiatry.org/Public/Catalog/ChefView.aspx#NavigationMenuContent_NavigationMenuContent_ucPublicMenu_menuDesktop_SkipLink, not enqueueing from this URL.
2026-02-03T10:18:50.397Z INFO  Statistics: WCCAdaptiveCrawler request statistics: {"requestAvgFailedDurationMillis":null,"requestAvgFinishedDurationMillis":52573,"requestsFinishedPerMinute":2,"requestsFailedPerMinute":0,"requestTotalDurationMillis":262866,"requestsTotal":5,"crawlerRuntimeMillis":120487,"retryHistogram":[5]}
2026-02-03T10:18:50.466Z INFO  WCCAdaptiveCrawler:AutoscaledPool: state {"currentConcurrency":8,"desiredConcurrency":10,"systemStatus":{"isSystemIdle":true,"memInfo":{"isOverloaded":false,"limitRatio":0.2,"actualRatio":0},"eventLoopInfo":{"isOverloaded":false,"limitRatio":0.6,"actualRatio":0.038},"cpuInfo":{"isOverloaded":false,"limitRatio":0.4,"actualRatio":0.366},"clientInfo":{"isOverloaded":false,"limitRatio":0.3,"actualRatio":0}}}
2026-02-03T10:19:19.056Z WARN  WCCAdaptiveCrawler: Reclaiming failed request back to the list or queue. Navigation timed out after 60 seconds. {"id":"ccDXsCTcDXX4Kna","url":"https://education.psychiatry.org/Public/Catalog/Details.aspx?id=k5bIVvkOFS8SADBhTVZ4gw%3d%3d","retryCount":1}
2026-02-03T10:19:19.689Z WARN  WCCAdaptiveCrawler: Reclaiming failed request back to the list or queue. Navigation timed out after 60 seconds. {"id":"xr4TNawNctzvqK1","url":"https://education.psychiatry.org/Public/Catalog/Details.aspx?id=jafbQGD266qmCKkVd0zWZg%3d%3d","retryCount":1}
2026-02-03T10:19:20.629Z WARN  WCCAdaptiveCrawler: Reclaiming failed request back to the list or queue. Navigation timed out after 60 seconds. {"id":"YIIgCa1HFmXDSwq","url":"https://education.psychiatry.org/Public/Catalog/Details.aspx?id=lBJP1ldLugk%2bYwGX690Q7Q%3d%3d","retryCount":1}
2026-02-03T10:19:26.833Z WARN  WCCAdaptiveCrawler: Reclaiming failed request back to the list or queue. Navigation timed out after 60 seconds. {"id":"4BK1XcPO4e1AsZe","url":"https://education.psychiatry.org/Public/Catalog/Details.aspx?id=XUW7PJecs54h3uiiTd2srw%3d%3d","retryCount":1}
2026-02-03T10:19:28.471Z WARN  WCCAdaptiveCrawler: Reclaiming failed request back to the list or queue. Navigation timed out after 60 seconds. {"id":"q72I79wCq2DXkbu","url":"https://education.psychiatry.org/Public/Catalog/Details.aspx?id=KyTvGZhc%2fDAy2pwwUuvVSg%3d%3d","retryCount":1}
2026-02-03T10:19:34.323Z WARN  WCCAdaptiveCrawler: Reclaiming failed request back to the list or queue. Navigation timed out after 60 seconds. {"id":"RCcHEQHLIq0Vb8h","url":"https://education.psychiatry.org/Public/Catalog/Details.aspx?id=67obpHn%2byW%2fqCS86V5qZ7A%3d%3d","retryCount":1}
2026-02-03T10:19:35.384Z WARN  WCCAdaptiveCrawler: Reclaiming failed request back to the list or queue. Navigation timed out after 60 seconds. {"id":"dvJYOWJhkvvRafx","url":"https://education.psychiatry.org/Public/Catalog/Details.aspx?id=DO2Ho1fNLd20r8JaDQVe4w%3d%3d","retryCount":1}
2026-02-03T10:19:36.424Z WARN  WCCAdaptiveCrawler: Reclaiming failed request back to the list or queue. Navigation timed out after 60 seconds. {"id":"i86SjkLUXKeI6sx","url":"https://education.psychiatry.org/Public/Catalog/Details.aspx?id=QDGD7HyCi%2bmMLjXul%2f%2fgvA%3d%3d","retryCount":1}
2026-02-03T10:19:50.397Z INFO  Statistics: WCCAdaptiveCrawler request statistics: {"requestAvgFailedDurationMillis":null,"requestAvgFinishedDurationMillis":52573,"requestsFinishedPerMinute":2,"requestsFailedPerMinute":0,"requestTotalDurationMillis":262866,"requestsTotal":5,"crawlerRuntimeMillis":180487,"retryHistogram":[5]}
2026-02-03T10:19:50.540Z INFO  WCCAdaptiveCrawler:AutoscaledPool: state {"currentConcurrency":12,"desiredConcurrency":10,"systemStatus":{"isSystemIdle":false,"memInfo":{"isOverloaded":false,"limitRatio":0.2,"actualRatio":0},"eventLoopInfo":{"isOverloaded":false,"limitRatio":0.6,"actualRatio":0.037},"cpuInfo":{"isOverloaded":true,"limitRatio":0.4,"actualRatio":0.687},"clientInfo":{"isOverloaded":false,"limitRatio":0.3,"actualRatio":0}}}
2026-02-03T10:20:23.782Z WARN  WCCAdaptiveCrawler: Reclaiming failed request back to the list or queue. Navigation timed out after 60 seconds. {"id":"d3foJfCaNwiWAjG","url":"https://education.psychiatry.org/Public/Catalog/Details.aspx?id=7pJI8bg6Onh3RO0A8Fm3uQ%3d%3d","retryCount":1}
2026-02-03T10:20:24.271Z WARN  WCCAdaptiveCrawler: Reclaiming failed request back to the list or queue. Navigation timed out after 60 seconds. {"id":"iw9zHDhpgMBZkSj","url":"https://education.psychiatry.org/Public/Catalog/Details.aspx?id=%2fCX%2fQvZrHHX91nwoN4YLCg%3d%3d","retryCount":1}
2026-02-03T10:20:24.872Z WARN  WCCAdaptiveCrawler: Reclaiming failed request back to the list or queue. Navigation timed out after 60 seconds. {"id":"eLzCGmizffYzXEw","url":"https://education.psychiatry.org/Public/Catalog/Details.aspx?id=YMn7SK9ToQ4FK%2bpcuFw54A%3d%3d","retryCount":1}
2026-02-03T10:20:26.427Z WARN  WCCAdaptiveCrawler: Reclaiming failed request back to the list or queue. Navigation timed out after 60 seconds. {"id":"FKZINWWRphMuUmy","url":"https://education.psychiatry.org/Public/Catalog/Details.aspx?id=n1ipJy4y%2bzYfoZF9yBthcg%3d%3d","retryCount":1}
2026-02-03T10:20:27.849Z WARN  WCCAdaptiveCrawler: Reclaiming failed request back to the list or queue. Navigation timed out after 60 seconds. {"id":"X8o8HwACOTjbcwZ","url":"https://education.psychiatry.org/Public/Catalog/Details.aspx?id=i%2fEAqNobAqMjDxXlENejvA%3d%3d","retryCount":1}
2026-02-03T10:20:29.942Z WARN  WCCAdaptiveCrawler: Reclaiming failed request back to the list or queue. Navigation timed out after 60 seconds. {"id":"5iIU2wdx8lD8XJ6","url":"https://education.psychiatry.org/Public/Catalog/Details.aspx?id=JjHnEu0iN4Ce8GHOE0yKPA%3d%3d","retryCount":1}
2026-02-03T10:20:35.337Z WARN  WCCAdaptiveCrawler: Reclaiming failed request back to the list or queue. Navigation timed out after 60 seconds. {"id":"3Tn4VakDlJMuNoQ","url":"https://education.psychiatry.org/Public/Catalog/Details.aspx?id=2Axc65Q8gyjsfSz4NM3Vlw%3d%3d","retryCount":1}
2026-02-03T10:20:35.866Z WARN  WCCAdaptiveCrawler: Reclaiming failed request back to the list or queue. Navigation timed out after 60 seconds. {"id":"LzeOsvky9qOkFWv","url":"https://education.psychiatry.org/Public/Catalog/Details.aspx?id=CPY1wosnkXckkfgwmfHJJw%3d%3d","retryCount":1}
2026-02-03T10:20:36.550Z WARN  WCCAdaptiveCrawler: Reclaiming failed request back to the list or queue. Navigation timed out after 60 seconds. {"id":"bOkFhRBjElHw6wy","url":"https://education.psychiatry.org/Public/Catalog/Details.aspx?id=INAE6%2ba989f2KpMoYWrfXw%3d%3d","retryCount":1}
2026-02-03T10:20:38.333Z WARN  WCCAdaptiveCrawler: Reclaiming failed request back to the list or queue. Navigation timed out after 60 seconds. {"id":"ghfMPjkK7I0R2SN","url":"https://education.psychiatry.org/Public/Catalog/Details.aspx?id=XZ982JBMcwJ5JZV5Ron15g%3d%3d","retryCount":1}
2026-02-03T10:20:41.052Z WARN  WCCAdaptiveCrawler: Reclaiming failed request back to the list or queue. Navigation timed out after 60 seconds. {"id":"qaAenzVBD5CWA7Z","url":"https://education.psychiatry.org/Public/Catalog/Details.aspx?id=sGKEZzUYoJt2cPVHtGi7AA%3d%3d","retryCount":1}
2026-02-03T10:20:43.228Z WARN  WCCAdaptiveCrawler: Reclaiming failed request back to the list or queue. Navigation timed out after 60 seconds. {"id":"LElbpxN69HyWVlx","url":"https://education.psychiatry.org/Public/Catalog/Details.aspx?id=LrxdooUy%2b8elk7yI4wCzNw%3d%3d","retryCount":1}
2026-02-03T10:20:50.397Z INFO  Statistics: WCCAdaptiveCrawler request statistics: {"requestAvgFailedDurationMillis":null,"requestAvgFinishedDurationMillis":52573,"requestsFinishedPerMinute":1,"requestsFailedPerMinute":0,"requestTotalDurationMillis":262866,"requestsTotal":5,"crawlerRuntimeMillis":240488,"retryHistogram":[5]}
2026-02-03T10:20:50.546Z INFO  WCCAdaptiveCrawler:AutoscaledPool: state {"currentConcurrency":8,"desiredConcurrency":9,"systemStatus":{"isSystemIdle":true,"memInfo":{"isOverloaded":false,"limitRatio":0.2,"actualRatio":0},"eventLoopInfo":{"isOverloaded":false,"limitRatio":0.6,"actualRatio":0.019},"cpuInfo":{"isOverloaded":false,"limitRatio":0.4,"actualRatio":0.285},"clientInfo":{"isOverloaded":false,"limitRatio":0.3,"actualRatio":0}}}
2026-02-03T10:21:02.919Z WARN  WCCAdaptiveCrawler: Reclaiming failed request back to the list or queue. page.goto: NS_ERROR_NET_INTERRUPT
2026-02-03T10:21:02.921Z Call log:
2026-02-03T10:21:02.923Z   - navigating to "https://education.psychiatry.org/Public/Catalog/Details.aspx?id=XUW7PJecs54h3uiiTd2srw%3d%3d", waiting until "load"
2026-02-03T10:21:02.925Z 
2026-02-03T10:21:02.927Z  {"id":"4BK1XcPO4e1AsZe","url":"https://education.psychiatry.org/Public/Catalog/Details.aspx?id=XUW7PJecs54h3uiiTd2srw%3d%3d","retryCount":2}
2026-02-03T10:21:02.960Z WARN  WCCAdaptiveCrawler: Reclaiming failed request back to the list or queue. page.goto: NS_ERROR_NET_INTERRUPT
2026-02-03T10:21:02.962Z Call log:
2026-02-03T10:21:02.964Z   - navigating to "https://education.psychiatry.org/Public/Catalog/Details.aspx?id=67obpHn%2byW%2fqCS86V5qZ7A%3d%3d", waiting until "load"
2026-02-03T10:21:02.966Z 
2026-02-03T10:21:02.968Z  {"id":"RCcHEQHLIq0Vb8h","url":"https://education.psychiatry.org/Public/Catalog/Details.aspx?id=67obpHn%2byW%2fqCS86V5qZ7A%3d%3d","retryCount":2}
2026-02-03T10:21:02.973Z WARN  WCCAdaptiveCrawler: Reclaiming failed request back to the list or queue. page.goto: NS_ERROR_NET_INTERRUPT
2026-02-03T10:21:02.975Z Call log:
2026-02-03T10:21:02.977Z   - navigating to "https://education.psychiatry.org/Public/Catalog/Details.aspx?id=jafbQGD266qmCKkVd0zWZg%3d%3d", waiting until "load"
2026-02-03T10:21:02.978Z 
2026-02-03T10:21:02.980Z  {"id":"xr4TNawNctzvqK1","url":"https://education.psychiatry.org/Public/Catalog/Details.aspx?id=jafbQGD266qmCKkVd0zWZg%3d%3d","retryCount":2}
2026-02-03T10:21:34.966Z WARN  WCCAdaptiveCrawler: Reclaiming failed request back to the list or queue. Navigation timed out after 60 seconds. {"id":"NfjWbpVWAdTTDhG","url":"https://education.psychiatry.org/Public/Catalog/Details.aspx?id=uQpARLr9dxuZQyt2FdNkiQ%3d%3d","retryCount":1}
2026-02-03T10:21:35.444Z WARN  WCCAdaptiveCrawler: Reclaiming failed request back to the list or queue. Navigation timed out after 60 seconds. {"id":"ccDXsCTcDXX4Kna","url":"https://education.psychiatry.org/Public/Catalog/Details.aspx?id=k5bIVvkOFS8SADBhTVZ4gw%3d%3d","retryCount":2}
2026-02-03T10:21:41.475Z WARN  WCCAdaptiveCrawler: Reclaiming failed request back to the list or queue. Navigation timed out after 60 seconds. {"id":"YIIgCa1HFmXDSwq","url":"https://education.psychiatry.org/Public/Catalog/Details.aspx?id=lBJP1ldLugk%2bYwGX690Q7Q%3d%3d","retryCount":2}
2026-02-03T10:21:43.840Z WARN  WCCAdaptiveCrawler: Reclaiming failed request back to the list or queue. Navigation timed out after 60 seconds. {"id":"q72I79wCq2DXkbu","url":"https://education.psychiatry.org/Public/Catalog/Details.aspx?id=KyTvGZhc%2fDAy2pwwUuvVSg%3d%3d","retryCount":2}
2026-02-03T10:21:44.356Z WARN  WCCAdaptiveCrawler: Reclaiming failed request back to the list or queue. Navigation timed out after 60 seconds. {"id":"dvJYOWJhkvvRafx","url":"https://education.psychiatry.org/Public/Catalog/Details.aspx?id=DO2Ho1fNLd20r8JaDQVe4w%3d%3d","retryCount":2}
2026-02-03T10:21:50.398Z INFO  Statistics: WCCAdaptiveCrawler request statistics: {"requestAvgFailedDurationMillis":null,"requestAvgFinishedDurationMillis":52573,"requestsFinishedPerMinute":1,"requestsFailedPerMinute":0,"requestTotalDurationMillis":262866,"requestsTotal":5,"crawlerRuntimeMillis":300488,"retryHistogram":[5]}
2026-02-03T10:21:50.551Z INFO  WCCAdaptiveCrawler:AutoscaledPool: state {"currentConcurrency":12,"desiredConcurrency":15,"systemStatus":{"isSystemIdle":true,"memInfo":{"isOverloaded":false,"limitRatio":0.2,"actualRatio":0},"eventLoopInfo":{"isOverloaded":false,"limitRatio":0.6,"actualRatio":0.02},"cpuInfo":{"isOverloaded":false,"limitRatio":0.4,"actualRatio":0.345},"clientInfo":{"isOverloaded":false,"limitRatio":0.3,"actualRatio":0}}}
2026-02-03T10:22:06.775Z WARN  WCCAdaptiveCrawler: Reclaiming failed request back to the list or queue. Navigation timed out after 60 seconds. {"id":"d3foJfCaNwiWAjG","url":"https://education.psychiatry.org/Public/Catalog/Details.aspx?id=7pJI8bg6Onh3RO0A8Fm3uQ%3d%3d","retryCount":2}
2026-02-03T10:22:07.162Z WARN  WCCAdaptiveCrawler: Reclaiming failed request back to the list or queue. Navigation timed out after 60 seconds. {"id":"eLzCGmizffYzXEw","url":"https://education.psychiatry.org/Public/Catalog/Details.aspx?id=YMn7SK9ToQ4FK%2bpcuFw54A%3d%3d","retryCount":2}
2026-02-03T10:22:07.630Z WARN  WCCAdaptiveCrawler: Reclaiming failed request back to the list or queue. Navigation timed out after 60 seconds. {"id":"i86SjkLUXKeI6sx","url":"https://education.psychiatry.org/Public/Catalog/Details.aspx?id=QDGD7HyCi%2bmMLjXul%2f%2fgvA%3d%3d","retryCount":2}
2026-02-03T10:22:08.060Z WARN  WCCAdaptiveCrawler: Reclaiming failed request back to the list or queue. Navigation timed out after 60 seconds. {"id":"FKZINWWRphMuUmy","url":"https://education.psychiatry.org/Public/Catalog/Details.aspx?id=n1ipJy4y%2bzYfoZF9yBthcg%3d%3d","retryCount":2}
2026-02-03T10:22:08.934Z WARN  WCCAdaptiveCrawler: Reclaiming failed request back to the list or queue. Navigation timed out after 60 seconds. {"id":"iw9zHDhpgMBZkSj","url":"https://education.psychiatry.org/Public/Catalog/Details.aspx?id=%2fCX%2fQvZrHHX91nwoN4YLCg%3d%3d","retryCount":2}
2026-02-03T10:22:35.725Z WARN  WCCAdaptiveCrawler: Reclaiming failed request back to the list or queue. Navigation timed out after 60 seconds. {"id":"X8o8HwACOTjbcwZ","url":"https://education.psychiatry.org/Public/Catalog/Details.aspx?id=i%2fEAqNobAqMjDxXlENejvA%3d%3d","retryCount":2}
2026-02-03T10:22:36.225Z WARN  WCCAdaptiveCrawler: Reclaiming failed request back to the list or queue. Navigation timed out after 60 seconds. {"id":"5iIU2wdx8lD8XJ6","url":"https://education.psychiatry.org/Public/Catalog/Details.aspx?id=JjHnEu0iN4Ce8GHOE0yKPA%3d%3d","retryCount":2}
2026-02-03T10:22:36.851Z WARN  WCCAdaptiveCrawler: Reclaiming failed request back to the list or queue. Navigation timed out after 60 seconds. {"id":"3Tn4VakDlJMuNoQ","url":"https://education.psychiatry.org/Public/Catalog/Details.aspx?id=2Axc65Q8gyjsfSz4NM3Vlw%3d%3d","retryCount":2}
2026-02-03T10:22:37.659Z WARN  WCCAdaptiveCrawler: Reclaiming failed request back to the list or queue. Navigation timed out after 60 seconds. {"id":"LzeOsvky9qOkFWv","url":"https://education.psychiatry.org/Public/Catalog/Details.aspx?id=CPY1wosnkXckkfgwmfHJJw%3d%3d","retryCount":2}
2026-02-03T10:22:38.533Z WARN  WCCAdaptiveCrawler: Reclaiming failed request back to the list or queue. Navigation timed out after 60 seconds. {"id":"bOkFhRBjElHw6wy","url":"https://education.psychiatry.org/Public/Catalog/Details.aspx?id=INAE6%2ba989f2KpMoYWrfXw%3d%3d","retryCount":2}
2026-02-03T10:22:44.651Z WARN  WCCAdaptiveCrawler: Reclaiming failed request back to the list or queue. Navigation timed out after 60 seconds. {"id":"ghfMPjkK7I0R2SN","url":"https://education.psychiatry.org/Public/Catalog/Details.aspx?id=XZ982JBMcwJ5JZV5Ron15g%3d%3d","retryCount":2}
2026-02-03T10:22:46.521Z WARN  WCCAdaptiveCrawler: Reclaiming failed request back to the list or queue. Navigation timed out after 60 seconds. {"id":"qaAenzVBD5CWA7Z","url":"https://education.psychiatry.org/Public/Catalog/Details.aspx?id=sGKEZzUYoJt2cPVHtGi7AA%3d%3d","retryCount":2}
2026-02-03T10:22:50.421Z INFO  Statistics: WCCAdaptiveCrawler request statistics: {"requestAvgFailedDurationMillis":null,"requestAvgFinishedDurationMillis":52573,"requestsFinishedPerMinute":1,"requestsFailedPerMinute":0,"requestTotalDurationMillis":262866,"requestsTotal":5,"crawlerRuntimeMillis":360511,"retryHistogram":[5]}
2026-02-03T10:22:50.622Z INFO  WCCAdaptiveCrawler:AutoscaledPool: state {"currentConcurrency":13,"desiredConcurrency":12,"systemStatus":{"isSystemIdle":false,"memInfo":{"isOverloaded":false,"limitRatio":0.2,"actualRatio":0},"eventLoopInfo":{"isOverloaded":false,"limitRatio":0.6,"actualRatio":0.019},"cpuInfo":{"isOverloaded":true,"limitRatio":0.4,"actualRatio":0.566},"clientInfo":{"isOverloaded":false,"limitRatio":0.3,"actualRatio":0}}}
2026-02-03T10:23:13.654Z WARN  WCCAdaptiveCrawler: Reclaiming failed request back to the list or queue. Navigation timed out after 60 seconds. {"id":"LElbpxN69HyWVlx","url":"https://education.psychiatry.org/Public/Catalog/Details.aspx?id=LrxdooUy%2b8elk7yI4wCzNw%3d%3d","retryCount":2}
2026-02-03T10:23:14.122Z WARN  WCCAdaptiveCrawler: Reclaiming failed request back to the list or queue. Navigation timed out after 60 seconds. {"id":"xr4TNawNctzvqK1","url":"https://education.psychiatry.org/Public/Catalog/Details.aspx?id=jafbQGD266qmCKkVd0zWZg%3d%3d","retryCount":3}
2026-02-03T10:23:14.834Z WARN  WCCAdaptiveCrawler: Reclaiming failed request back to the list or queue. Navigation timed out after 60 seconds. {"id":"RCcHEQHLIq0Vb8h","url":"https://education.psychiatry.org/Public/Catalog/Details.aspx?id=67obpHn%2byW%2fqCS86V5qZ7A%3d%3d","retryCount":3}
2026-02-03T10:23:16.850Z WARN  WCCAdaptiveCrawler: Reclaiming failed request back to the list or queue. Navigation timed out after 60 seconds. {"id":"4BK1XcPO4e1AsZe","url":"https://education.psychiatry.org/Public/Catalog/Details.aspx?id=XUW7PJecs54h3uiiTd2srw%3d%3d","retryCount":3}
2026-02-03T10:23:18.140Z WARN  WCCAdaptiveCrawler: Reclaiming failed request back to the list or queue. Navigation timed out after 60 seconds. {"id":"NfjWbpVWAdTTDhG","url":"https://education.psychiatry.org/Public/Catalog/Details.aspx?id=uQpARLr9dxuZQyt2FdNkiQ%3d%3d","retryCount":2}
2026-02-03T10:23:19.752Z WARN  WCCAdaptiveCrawler: Reclaiming failed request back to the list or queue. Navigation timed out after 60 seconds. {"id":"ccDXsCTcDXX4Kna","url":"https://education.psychiatry.org/Public/Catalog/Details.aspx?id=k5bIVvkOFS8SADBhTVZ4gw%3d%3d","retryCount":3}
2026-02-03T10:23:20.922Z WARN  WCCAdaptiveCrawler: Reclaiming failed request back to the list or queue. Navigation timed out after 60 seconds. {"id":"YIIgCa1HFmXDSwq","url":"https://education.psychiatry.org/Public/Catalog/Details.aspx?id=lBJP1ldLugk%2bYwGX690Q7Q%3d%3d","retryCount":3}
2026-02-03T10:23:38.033Z WARN  WCCAdaptiveCrawler: Reclaiming failed request back to the list or queue. Navigation timed out after 60 seconds. {"id":"d3foJfCaNwiWAjG","url":"https://education.psychiatry.org/Public/Catalog/Details.aspx?id=7pJI8bg6Onh3RO0A8Fm3uQ%3d%3d","retryCount":3}
2026-02-03T10:23:39.047Z WARN  WCCAdaptiveCrawler: Reclaiming failed request back to the list or queue. Navigation timed out after 60 seconds. {"id":"dvJYOWJhkvvRafx","url":"https://education.psychiatry.org/Public/Catalog/Details.aspx?id=DO2Ho1fNLd20r8JaDQVe4w%3d%3d","retryCount":3}
2026-02-03T10:23:39.941Z WARN  WCCAdaptiveCrawler: Reclaiming failed request back to the list or queue. Navigation timed out after 60 seconds. {"id":"q72I79wCq2DXkbu","url":"https://education.psychiatry.org/Public/Catalog/Details.aspx?id=KyTvGZhc%2fDAy2pwwUuvVSg%3d%3d","retryCount":3}
2026-02-03T10:23:41.042Z WARN  WCCAdaptiveCrawler: Reclaiming failed request back to the list or queue. Navigation timed out after 60 seconds. {"id":"eLzCGmizffYzXEw","url":"https://education.psychiatry.org/Public/Catalog/Details.aspx?id=YMn7SK9ToQ4FK%2bpcuFw54A%3d%3d","retryCount":3}
2026-02-03T10:23:42.041Z WARN  WCCAdaptiveCrawler: Reclaiming failed request back to the list or queue. Navigation timed out after 60 seconds. {"id":"i86SjkLUXKeI6sx","url":"https://education.psychiatry.org/Public/Catalog/Details.aspx?id=QDGD7HyCi%2bmMLjXul%2f%2fgvA%3d%3d","retryCount":3}
2026-02-03T10:23:47.444Z WARN  WCCAdaptiveCrawler: Reclaiming failed request back to the list or queue. Navigation timed out after 60 seconds. {"id":"FKZINWWRphMuUmy","url":"https://education.psychiatry.org/Public/Catalog/Details.aspx?id=n1ipJy4y%2bzYfoZF9yBthcg%3d%3d","retryCount":3}
2026-02-03T10:23:50.422Z INFO  Statistics: WCCAdaptiveCrawler request statistics: {"requestAvgFailedDurationMillis":null,"requestAvgFinishedDurationMillis":52573,"requestsFinishedPerMinute":1,"requestsFailedPerMinute":0,"requestTotalDurationMillis":262866,"requestsTotal":5,"crawlerRuntimeMillis":420512,"retryHistogram":[5]}
2026-02-03T10:23:50.625Z INFO  WCCAdaptiveCrawler:AutoscaledPool: state {"currentConcurrency":14,"desiredConcurrency":15,"systemStatus":{"isSystemIdle":true,"memInfo":{"isOverloaded":false,"limitRatio":0.2,"actualRatio":0},"eventLoopInfo":{"isOverloaded":false,"limitRatio":0.6,"actualRatio":0},"cpuInfo":{"isOverloaded":false,"limitRatio":0.4,"actualRatio":0.294},"clientInfo":{"isOverloaded":false,"limitRatio":0.3,"actualRatio":0}}}
2026-02-03T10:23:56.584Z WARN  WCCAdaptiveCrawler: Reclaiming failed request back to the list or queue. page.goto: NS_ERROR_NET_INTERRUPT
2026-02-03T10:23:56.586Z Call log:
2026-02-03T10:23:56.588Z   - navigating to "https://education.psychiatry.org/Public/Catalog/Details.aspx?id=sGKEZzUYoJt2cPVHtGi7AA%3d%3d", waiting until "load"
2026-02-03T10:23:56.590Z 
2026-02-03T10:23:56.592Z  {"id":"qaAenzVBD5CWA7Z","url":"https://education.psychiatry.org/Public/Catalog/Details.aspx?id=sGKEZzUYoJt2cPVHtGi7AA%3d%3d","retryCount":3}
2026-02-03T10:24:02.971Z ERROR WCCAdaptiveCrawler: Request failed and reached maximum retries. page.goto: NS_ERROR_NET_INTERRUPT
2026-02-03T10:24:02.974Z Call log:
2026-02-03T10:24:02.980Z   - navigating to "https://education.psychiatry.org/Public/Catalog/Details.aspx?id=jafbQGD266qmCKkVd0zWZg%3d%3d", waiting until "load"
2026-02-03T10:24:02.983Z 
2026-02-03T10:24:02.985Z     at gotoExtended (/home/myuser/node_modules/@crawlee/playwright/internals/utils/playwright-utils.js:166:17)
2026-02-03T10:24:02.987Z     at Proxy._navigationHandler (/home/myuser/node_modules/@crawlee/playwright/internals/playwright-crawler.js:117:52)
2026-02-03T10:24:02.989Z     at Proxy._handleNavigation (/home/myuser/node_modules/@crawlee/browser/internals/browser-crawler.js:334:52)
2026-02-03T10:24:02.991Z     at async Proxy._runRequestHandler (/home/myuser/node_modules/@crawlee/browser/internals/browser-crawler.js:260:13)
2026-02-03T10:24:02.993Z     at async Proxy._runRequestHandler (/home/myuser/node_modules/@crawlee/playwright/internals/playwright-crawler.js:114:9)
2026-02-03T10:24:02.995Z     at async WCCAdaptiveCrawler.runRequestHandlerInBrowser (/home/myuser/node_modules/@crawlee/playwright/internals/adaptive-playwright-crawler.js:251:13)
2026-02-03T10:24:02.997Z     at async WCCAdaptiveCrawler._runRequestHandler (/home/myuser/node_modules/@crawlee/playwright/internals/adaptive-playwright-crawler.js:207:58)
2026-02-03T10:24:02.999Z     at async wrap (/home/myuser/node_modules/@apify/timeout/cjs/index.cjs:54:21) {"id":"xr4TNawNctzvqK1","url":"https://education.psychiatry.org/Public/Catalog/Details.aspx?id=jafbQGD266qmCKkVd0zWZg%3d%3d","method":"GET","uniqueKey":"https://education.psychiatry.org/Public/Catalog/Details.aspx?id=jafbQGD266qmCKkVd0zWZg%3D%3D"}
2026-02-03T10:24:03.001Z WARN  WCCAdaptiveCrawler: Reclaiming failed request back to the list or queue. page.goto: NS_ERROR_NET_INTERRUPT
2026-02-03T10:24:03.003Z Call log:
2026-02-03T10:24:03.004Z   - navigating to "https://education.psychiatry.org/Public/Catalog/Details.aspx?id=XZ982JBMcwJ5JZV5Ron15g%3d%3d", waiting until "load"
2026-02-03T10:24:03.006Z 
2026-02-03T10:24:03.009Z  {"id":"ghfMPjkK7I0R2SN","url":"https://education.psychiatry.org/Public/Catalog/Details.aspx?id=XZ982JBMcwJ5JZV5Ron15g%3d%3d","retryCount":3}
2026-02-03T10:24:03.043Z WARN  WCCAdaptiveCrawler: Reclaiming failed request back to the list or queue. page.goto: NS_ERROR_NET_INTERRUPT
2026-02-03T10:24:03.045Z Call log:
2026-02-03T10:24:03.047Z   - navigating to "https://education.psychiatry.org/Public/Catalog/Details.aspx?id=LrxdooUy%2b8elk7yI4wCzNw%3d%3d", waiting until "load"
2026-02-03T10:24:03.049Z 
2026-02-03T10:24:03.051Z  {"id":"LElbpxN69HyWVlx","url":"https://education.psychiatry.org/Public/Catalog/Details.aspx?id=LrxdooUy%2b8elk7yI4wCzNw%3d%3d","retryCount":3}
2026-02-03T10:24:18.234Z WARN  WCCAdaptiveCrawler: Reclaiming failed request back to the list or queue. Navigation timed out after 60 seconds. {"id":"iw9zHDhpgMBZkSj","url":"https://education.psychiatry.org/Public/Catalog/Details.aspx?id=%2fCX%2fQvZrHHX91nwoN4YLCg%3d%3d","retryCount":3}
2026-02-03T10:24:18.623Z WARN  WCCAdaptiveCrawler: Reclaiming failed request back to the list or queue. Navigation timed out after 60 seconds. {"id":"X8o8HwACOTjbcwZ","url":"https://education.psychiatry.org/Public/Catalog/Details.aspx?id=i%2fEAqNobAqMjDxXlENejvA%3d%3d","retryCount":3}
2026-02-03T10:24:22.249Z WARN  WCCAdaptiveCrawler: Reclaiming failed request back to the list or queue. Navigation timed out after 60 seconds. {"id":"5iIU2wdx8lD8XJ6","url":"https://education.psychiatry.org/Public/Catalog/Details.aspx?id=JjHnEu0iN4Ce8GHOE0yKPA%3d%3d","retryCount":3}
2026-02-03T10:24:22.720Z WARN  WCCAdaptiveCrawler: Reclaiming failed request back to the list or queue. Navigation timed out after 60 seconds. {"id":"3Tn4VakDlJMuNoQ","url":"https://education.psychiatry.org/Public/Catalog/Details.aspx?id=2Axc65Q8gyjsfSz4NM3Vlw%3d%3d","retryCount":3}
2026-02-03T10:24:23.661Z WARN  WCCAdaptiveCrawler: Reclaiming failed request back to the list or queue. Navigation timed out after 60 seconds. {"id":"LzeOsvky9qOkFWv","url":"https://education.psychiatry.org/Public/Catalog/Details.aspx?id=CPY1wosnkXckkfgwmfHJJw%3d%3d","retryCount":3}
2026-02-03T10:24:23.953Z WARN  WCCAdaptiveCrawler: Reclaiming failed request back to the list or queue. Navigation timed out after 60 seconds. {"id":"bOkFhRBjElHw6wy","url":"https://education.psychiatry.org/Public/Catalog/Details.aspx?id=INAE6%2ba989f2KpMoYWrfXw%3d%3d","retryCount":3}
2026-02-03T10:24:40.933Z WARN  WCCAdaptiveCrawler: Reached max crawl depth of 1 for https://education.psychiatry.org/Public/Catalog/Details.aspx?id=7pJI8bg6Onh3RO0A8Fm3uQ%3d%3d, not enqueueing from this URL.
2026-02-03T10:24:42.856Z WARN  WCCAdaptiveCrawler: Reached max crawl depth of 1 for https://education.psychiatry.org/Public/Catalog/Details.aspx?id=lBJP1ldLugk%2bYwGX690Q7Q%3d%3d, not enqueueing from this URL.
2026-02-03T10:24:48.186Z ERROR WCCAdaptiveCrawler: Request failed and reached maximum retries. Navigation timed out after 60 seconds. {"id":"4BK1XcPO4e1AsZe","url":"https://education.psychiatry.org/Public/Catalog/Details.aspx?id=XUW7PJecs54h3uiiTd2srw%3d%3d","method":"GET","uniqueKey":"https://education.psychiatry.org/Public/Catalog/Details.aspx?id=XUW7PJecs54h3uiiTd2srw%3D%3D"}
2026-02-03T10:24:48.720Z ERROR WCCAdaptiveCrawler: Request failed and reached maximum retries. Navigation timed out after 60 seconds. {"id":"RCcHEQHLIq0Vb8h","url":"https://education.psychiatry.org/Public/Catalog/Details.aspx?id=67obpHn%2byW%2fqCS86V5qZ7A%3d%3d","method":"GET","uniqueKey":"https://education.psychiatry.org/Public/Catalog/Details.aspx?id=67obpHn%2ByW%2FqCS86V5qZ7A%3D%3D"}
2026-02-03T10:24:49.538Z WARN  WCCAdaptiveCrawler: Reclaiming failed request back to the list or queue. Navigation timed out after 60 seconds. {"id":"NfjWbpVWAdTTDhG","url":"https://education.psychiatry.org/Public/Catalog/Details.aspx?id=uQpARLr9dxuZQyt2FdNkiQ%3d%3d","retryCount":3}
2026-02-03T10:24:50.322Z ERROR WCCAdaptiveCrawler: Request failed and reached maximum retries. Navigation timed out after 60 seconds. {"id":"ccDXsCTcDXX4Kna","url":"https://education.psychiatry.org/Public/Catalog/Details.aspx?id=k5bIVvkOFS8SADBhTVZ4gw%3d%3d","method":"GET","uniqueKey":"https://education.psychiatry.org/Public/Catalog/Details.aspx?id=k5bIVvkOFS8SADBhTVZ4gw%3D%3D"}
2026-02-03T10:24:50.421Z INFO  Statistics: WCCAdaptiveCrawler request statistics: {"requestAvgFailedDurationMillis":51860,"requestAvgFinishedDurationMillis":50590,"requestsFinishedPerMinute":1,"requestsFailedPerMinute":0,"requestTotalDurationMillis":561567,"requestsTotal":11,"crawlerRuntimeMillis":480512,"retryHistogram":[5,null,null,6]}
2026-02-03T10:24:50.632Z INFO  WCCAdaptiveCrawler:AutoscaledPool: state {"currentConcurrency":14,"desiredConcurrency":16,"systemStatus":{"isSystemIdle":false,"memInfo":{"isOverloaded":false,"limitRatio":0.2,"actualRatio":0},"eventLoopInfo":{"isOverloaded":false,"limitRatio":0.6,"actualRatio":0.084},"cpuInfo":{"isOverloaded":true,"limitRatio":0.4,"actualRatio":0.708},"clientInfo":{"isOverloaded":false,"limitRatio":0.3,"actualRatio":0}}}
2026-02-03T10:25:18.888Z ERROR WCCAdaptiveCrawler: Request failed and reached maximum retries. Navigation timed out after 60 seconds. {"id":"dvJYOWJhkvvRafx","url":"https://education.psychiatry.org/Public/Catalog/Details.aspx?id=DO2Ho1fNLd20r8JaDQVe4w%3d%3d","method":"GET","uniqueKey":"https://education.psychiatry.org/Public/Catalog/Details.aspx?id=DO2Ho1fNLd20r8JaDQVe4w%3D%3D"}
2026-02-03T10:25:19.671Z ERROR WCCAdaptiveCrawler: Request failed and reached maximum retries. Navigation timed out after 60 seconds. {"id":"q72I79wCq2DXkbu","url":"https://education.psychiatry.org/Public/Catalog/Details.aspx?id=KyTvGZhc%2fDAy2pwwUuvVSg%3d%3d","method":"GET","uniqueKey":"https://education.psychiatry.org/Public/Catalog/Details.aspx?id=KyTvGZhc%2FDAy2pwwUuvVSg%3D%3D"}
2026-02-03T10:25:20.320Z ERROR WCCAdaptiveCrawler: Request failed and reached maximum retries. Navigation timed out after 60 seconds. {"id":"i86SjkLUXKeI6sx","url":"https://education.psychiatry.org/Public/Catalog/Details.aspx?id=QDGD7HyCi%2bmMLjXul%2f%2fgvA%3d%3d","method":"GET","uniqueKey":"https://education.psychiatry.org/Public/Catalog/Details.aspx?id=QDGD7HyCi%2BmMLjXul%2F%2FgvA%3D%3D"}
2026-02-03T10:25:21.050Z ERROR WCCAdaptiveCrawler: Request failed and reached maximum retries. Navigation timed out after 60 seconds. {"id":"FKZINWWRphMuUmy","url":"https://education.psychiatry.org/Public/Catalog/Details.aspx?id=n1ipJy4y%2bzYfoZF9yBthcg%3d%3d","method":"GET","uniqueKey":"https://education.psychiatry.org/Public/Catalog/Details.aspx?id=n1ipJy4y%2BzYfoZF9yBthcg%3D%3D"}
2026-02-03T10:25:22.161Z ERROR WCCAdaptiveCrawler: Request failed and reached maximum retries. Navigation timed out after 60 seconds. {"id":"eLzCGmizffYzXEw","url":"https://education.psychiatry.org/Public/Catalog/Details.aspx?id=YMn7SK9ToQ4FK%2bpcuFw54A%3d%3d","method":"GET","uniqueKey":"https://education.psychiatry.org/Public/Catalog/Details.aspx?id=YMn7SK9ToQ4FK%2BpcuFw54A%3D%3D"}
2026-02-03T10:25:23.622Z ERROR WCCAdaptiveCrawler: Request failed and reached maximum retries. Navigation timed out after 60 seconds. {"id":"qaAenzVBD5CWA7Z","url":"https://education.psychiatry.org/Public/Catalog/Details.aspx?id=sGKEZzUYoJt2cPVHtGi7AA%3d%3d","method":"GET","uniqueKey":"https://education.psychiatry.org/Public/Catalog/Details.aspx?id=sGKEZzUYoJt2cPVHtGi7AA%3D%3D"}
2026-02-03T10:25:28.121Z ERROR WCCAdaptiveCrawler: Request failed and reached maximum retries. Navigation timed out after 60 seconds. {"id":"iw9zHDhpgMBZkSj","url":"https://education.psychiatry.org/Public/Catalog/Details.aspx?id=%2fCX%2fQvZrHHX91nwoN4YLCg%3d%3d","method":"GET","uniqueKey":"https://education.psychiatry.org/Public/Catalog/Details.aspx?id=%2FCX%2FQvZrHHX91nwoN4YLCg%3D%3D"}
2026-02-03T10:25:29.149Z ERROR WCCAdaptiveCrawler: Request failed and reached maximum retries. Navigation timed out after 60 seconds. {"id":"LElbpxN69HyWVlx","url":"https://education.psychiatry.org/Public/Catalog/Details.aspx?id=LrxdooUy%2b8elk7yI4wCzNw%3d%3d","method":"GET","uniqueKey":"https://education.psychiatry.org/Public/Catalog/Details.aspx?id=LrxdooUy%2B8elk7yI4wCzNw%3D%3D"}
2026-02-03T10:25:30.021Z ERROR WCCAdaptiveCrawler: Request failed and reached maximum retries. Navigation timed out after 60 seconds. {"id":"5iIU2wdx8lD8XJ6","url":"https://education.psychiatry.org/Public/Catalog/Details.aspx?id=JjHnEu0iN4Ce8GHOE0yKPA%3d%3d","method":"GET","uniqueKey":"https://education.psychiatry.org/Public/Catalog/Details.aspx?id=JjHnEu0iN4Ce8GHOE0yKPA%3D%3D"}
2026-02-03T10:25:31.035Z ERROR WCCAdaptiveCrawler: Request failed and reached maximum retries. Navigation timed out after 60 seconds. {"id":"ghfMPjkK7I0R2SN","url":"https://education.psychiatry.org/Public/Catalog/Details.aspx?id=XZ982JBMcwJ5JZV5Ron15g%3d%3d","method":"GET","uniqueKey":"https://education.psychiatry.org/Public/Catalog/Details.aspx?id=XZ982JBMcwJ5JZV5Ron15g%3D%3D"}
2026-02-03T10:25:32.054Z ERROR WCCAdaptiveCrawler: Request failed and reached maximum retries. Navigation timed out after 60 seconds. {"id":"X8o8HwACOTjbcwZ","url":"https://education.psychiatry.org/Public/Catalog/Details.aspx?id=i%2fEAqNobAqMjDxXlENejvA%3d%3d","method":"GET","uniqueKey":"https://education.psychiatry.org/Public/Catalog/Details.aspx?id=i%2FEAqNobAqMjDxXlENejvA%3D%3D"}
2026-02-03T10:25:48.883Z ERROR WCCAdaptiveCrawler: Request failed and reached maximum retries. Navigation timed out after 60 seconds. {"id":"3Tn4VakDlJMuNoQ","url":"https://education.psychiatry.org/Public/Catalog/Details.aspx?id=2Axc65Q8gyjsfSz4NM3Vlw%3d%3d","method":"GET","uniqueKey":"https://education.psychiatry.org/Public/Catalog/Details.aspx?id=2Axc65Q8gyjsfSz4NM3Vlw%3D%3D"}
2026-02-03T10:25:49.899Z ERROR WCCAdaptiveCrawler: Request failed and reached maximum retries. Navigation timed out after 60 seconds. {"id":"bOkFhRBjElHw6wy","url":"https://education.psychiatry.org/Public/Catalog/Details.aspx?id=INAE6%2ba989f2KpMoYWrfXw%3d%3d","method":"GET","uniqueKey":"https://education.psychiatry.org/Public/Catalog/Details.aspx?id=INAE6%2Ba989f2KpMoYWrfXw%3D%3D"}
2026-02-03T10:25:50.421Z INFO  Statistics: WCCAdaptiveCrawler request statistics: {"requestAvgFailedDurationMillis":59918,"requestAvgFinishedDurationMillis":50590,"requestsFinishedPerMinute":1,"requestsFailedPerMinute":1,"requestTotalDurationMillis":1372730,"requestsTotal":24,"crawlerRuntimeMillis":540512,"retryHistogram":[5,null,null,19]}
2026-02-03T10:25:50.635Z INFO  WCCAdaptiveCrawler:AutoscaledPool: state {"currentConcurrency":2,"desiredConcurrency":14,"systemStatus":{"isSystemIdle":true,"memInfo":{"isOverloaded":false,"limitRatio":0.2,"actualRatio":0},"eventLoopInfo":{"isOverloaded":false,"limitRatio":0.6,"actualRatio":0},"cpuInfo":{"isOverloaded":false,"limitRatio":0.4,"actualRatio":0.335},"clientInfo":{"isOverloaded":false,"limitRatio":0.3,"actualRatio":0}}}
2026-02-03T10:25:50.703Z ERROR WCCAdaptiveCrawler: Request failed and reached maximum retries. Navigation timed out after 60 seconds. {"id":"LzeOsvky9qOkFWv","url":"https://education.psychiatry.org/Public/Catalog/Details.aspx?id=CPY1wosnkXckkfgwmfHJJw%3d%3d","method":"GET","uniqueKey":"https://education.psychiatry.org/Public/Catalog/Details.aspx?id=CPY1wosnkXckkfgwmfHJJw%3D%3D"}
2026-02-03T10:26:26.468Z ERROR WCCAdaptiveCrawler: Request failed and reached maximum retries. Navigation timed out after 60 seconds. {"id":"NfjWbpVWAdTTDhG","url":"https://education.psychiatry.org/Public/Catalog/Details.aspx?id=uQpARLr9dxuZQyt2FdNkiQ%3d%3d","method":"GET","uniqueKey":"https://education.psychiatry.org/Public/Catalog/Details.aspx?id=uQpARLr9dxuZQyt2FdNkiQ%3D%3D"}
2026-02-03T10:26:28.160Z WARN  Main crawler finished successfully, exiting the run...
